<?xml version="1.0" encoding="UTF-8"?>
<!-- Generated by org.testng.reporters.JUnitXMLReporter -->
<testsuite ignored="9" hostname="TYSS-Abhay-Kumar" failures="0" tests="1" name="Default test" time="2.145" errors="0" timestamp="2025-09-28T00:26:40 IST">
  <testcase classname="trickychallanges.SeleniumTrickyChallengesTest" name="testDragAndDrop" time="0.064"/>
  <testcase classname="trickychallanges.SeleniumTrickyChallengesTest" name="testAjaxLazyLoad" time="0.0">
    <ignored/>
  </testcase> <!-- testAjaxLazyLoad -->
  <testcase classname="trickychallanges.SeleniumTrickyChallengesTest" name="testModalAndAlert" time="0.0">
    <ignored/>
  </testcase> <!-- testModalAndAlert -->
  <testcase classname="trickychallanges.SeleniumTrickyChallengesTest" name="testContextMenu" time="0.0">
    <ignored/>
  </testcase> <!-- testContextMenu -->
  <testcase classname="trickychallanges.SeleniumTrickyChallengesTest" name="testFileUpload" time="0.0">
    <ignored/>
  </testcase> <!-- testFileUpload -->
  <testcase classname="trickychallanges.SeleniumTrickyChallengesTest" name="testInfiniteScroll" time="0.0">
    <ignored/>
  </testcase> <!-- testInfiniteScroll -->
  <testcase classname="trickychallanges.SeleniumTrickyChallengesTest" name="testDynamicList" time="0.0">
    <ignored/>
  </testcase> <!-- testDynamicList -->
  <testcase classname="trickychallanges.SeleniumTrickyChallengesTest" name="testShadowDom" time="0.0">
    <ignored/>
  </testcase> <!-- testShadowDom -->
  <testcase classname="trickychallanges.SeleniumTrickyChallengesTest" name="testNestedIframes" time="0.0">
    <ignored/>
  </testcase> <!-- testNestedIframes -->
  <testcase classname="trickychallanges.SeleniumTrickyChallengesTest" name="testHiddenAnimatedElement" time="0.0">
    <ignored/>
  </testcase> <!-- testHiddenAnimatedElement -->
</testsuite> <!-- Default test -->
