<?xml version="1.0" encoding="UTF-8"?>
<testng-results ignored="0" total="1" passed="1" failed="0" skipped="0">
  <reporter-output>
  </reporter-output>
  <suite started-at="2025-09-27T14:54:35 IST" name="Default suite" finished-at="2025-09-27T14:54:35 IST" duration-ms="42">
    <groups>
    </groups>
    <test started-at="2025-09-27T14:54:35 IST" name="Default test" finished-at="2025-09-27T14:54:35 IST" duration-ms="42">
      <class name="ExecutionTime">
        <test-method signature="executionTime()[pri:0, instance:ExecutionTime@70ed52de]" started-at="2025-09-27T14:54:35 IST" name="executionTime" finished-at="2025-09-27T14:54:35 IST" duration-ms="11" status="PASS">
          <reporter-output>
          </reporter-output>
        </test-method> <!-- executionTime -->
      </class> <!-- ExecutionTime -->
    </test> <!-- Default test -->
  </suite> <!-- Default suite -->
</testng-results>
