<?xml version="1.0" encoding="UTF-8"?>
<testng-results ignored="9" total="10" passed="1" failed="0" skipped="0">
  <reporter-output>
  </reporter-output>
  <suite started-at="2025-09-28T00:26:38 IST" name="Default suite" finished-at="2025-09-28T00:26:40 IST" duration-ms="2145">
    <groups>
    </groups>
    <test started-at="2025-09-28T00:26:38 IST" name="Default test" finished-at="2025-09-28T00:26:40 IST" duration-ms="2145">
      <class name="trickychallanges.SeleniumTrickyChallengesTest">
        <test-method is-config="true" signature="setup()[pri:0, instance:trickychallanges.SeleniumTrickyChallengesTest@72c8e7b]" started-at="2025-09-28T00:26:38 IST" name="setup" finished-at="2025-09-28T00:26:40 IST" duration-ms="1900" status="PASS">
          <reporter-output>
          </reporter-output>
        </test-method> <!-- setup -->
        <test-method signature="testDragAndDrop()[pri:0, instance:trickychallanges.SeleniumTrickyChallengesTest@72c8e7b]" started-at="2025-09-28T00:26:40 IST" name="testDragAndDrop" finished-at="2025-09-28T00:26:40 IST" duration-ms="64" status="PASS">
          <reporter-output>
          </reporter-output>
        </test-method> <!-- testDragAndDrop -->
        <test-method is-config="true" signature="tearDown()[pri:0, instance:trickychallanges.SeleniumTrickyChallengesTest@72c8e7b]" started-at="2025-09-28T00:26:40 IST" name="tearDown" finished-at="2025-09-28T00:26:40 IST" duration-ms="145" status="PASS">
          <reporter-output>
          </reporter-output>
        </test-method> <!-- tearDown -->
      </class> <!-- trickychallanges.SeleniumTrickyChallengesTest -->
    </test> <!-- Default test -->
  </suite> <!-- Default suite -->
</testng-results>
